{"meta": {"format": 2, "version": "7.5.3", "timestamp": "2024-06-08T22:16:56.232930", "branch_coverage": false, "show_contexts": false}, "files": {"script.py": {"executed_lines": [5, 6, 7, 8, 9, 10, 11, 14, 15], "summary": {"covered_lines": 9, "num_statements": 10, "percent_covered": 90.0, "percent_covered_display": "90", "missing_lines": 1, "excluded_lines": 0}, "missing_lines": [13], "excluded_lines": []}}, "totals": {"covered_lines": 9, "num_statements": 10, "percent_covered": 90.0, "percent_covered_display": "90", "missing_lines": 1, "excluded_lines": 0}}